-- west build: generating a build system
Loading Zephyr default modules (Zephyr base).
-- Application: /tmp/zmk-config/zmk/app
-- CMake version: 3.31.6
-- Found Python3: /usr/bin/python3 (found suitable version "3.12.3", minimum required is "3.10") found components: Interpreter
-- Cache files will be written to: /tmp/zmk-config/zephyr/.cache
-- Zephyr version: 4.1.0 (/tmp/zmk-config/zephyr)
-- Found west (found suitable version "1.5.0", minimum required is "0.14.0")
-- Board: cornix_left, Revision: 1.0.0
Checking /tmp/zmk-config/zmk-keyboard-cornix
Checking /tmp/zmk-config/zmk/app/module
Checking /tmp/zmk-config/zmk/app
found /tmp/zmk-config/zmk/app
-- ZMK Config directory: /tmp/zmk-config/config
-- ZMK Config Kconfig: /tmp/zmk-config/config/cornix.conf
cornix_left for  for cornix_left with version 1.0.0
-- Using keymap file: /tmp/zmk-config/config/cornix.keymap
-- Using keymap file: /tmp/zmk-config/config/cornix.keymap
Checking /tmp/zmk-config/zephyr
-- ZEPHYR_TOOLCHAIN_VARIANT not set, trying to locate Zephyr SDK
-- Found host-tools: zephyr 0.16.9 (/opt/zephyr-sdk-0.16.9)
-- Found toolchain: zephyr 0.16.9 (/opt/zephyr-sdk-0.16.9)
-- Found Dtc: /opt/zephyr-sdk-0.16.9/sysroots/x86_64-pokysdk-linux/usr/bin/dtc (found suitable version "1.6.0", minimum required is "1.4.6")
-- Found BOARD.dts: /tmp/zmk-config/zmk-keyboard-cornix/boards/jzf/cornix/cornix_left.dts
-- Found devicetree overlay: /tmp/zmk-config/config/cornix.keymap
-- Generated zephyr.dts: /tmp/zmk-build/zephyr/zephyr.dts
-- Generated pickled edt: /tmp/zmk-build/zephyr/edt.pickle
-- Generated devicetree_generated.h: /tmp/zmk-build/zephyr/include/generated/zephyr/devicetree_generated.h
-- Including generated dts.cmake file: /tmp/zmk-build/zephyr/dts.cmake

warning: Deprecated symbol KSCAN is enabled.

Parsing /tmp/zmk-config/zmk/app/Kconfig
Loaded configuration '/tmp/zmk-config/zmk-keyboard-cornix/boards/jzf/cornix/cornix_left_defconfig'
Merged configuration '/tmp/zmk-config/zmk/app/prj.conf'
Merged configuration '/tmp/zmk-config/config/cornix.conf'
Configuration saved to '/tmp/zmk-build/zephyr/.config'
Kconfig header saved to '/tmp/zmk-build/zephyr/include/generated/zephyr/autoconf.h'
-- Found GnuLd: /opt/zephyr-sdk-0.16.9/arm-zephyr-eabi/arm-zephyr-eabi/bin/ld.bfd (found version "2.38")
-- The C compiler identification is GNU 12.2.0
-- The CXX compiler identification is GNU 12.2.0
-- The ASM compiler identification is GNU
-- Found assembler: /opt/zephyr-sdk-0.16.9/arm-zephyr-eabi/bin/arm-zephyr-eabi-gcc
-- Using ccache: /usr/bin/ccache
-- Found Nanopb: /tmp/zmk-config/modules/lib/nanopb
-- Found protoc: /tmp/zmk-config/modules/lib/nanopb/generator/protoc
-- Configuring done (7.3s)
-- Generating done (0.2s)
-- Build files have been written to: /tmp/zmk-build
-- west build: building application
[1/480] Preparing syscall dependency handling

[2/480] Generating include/generated/zephyr/app_version.h
[3/480] Generating include/generated/zephyr/version.h
-- Zephyr version: 4.1.0 (/tmp/zmk-config/zephyr), build: 9df4b12b5af3
[4/480] Generating misc/generated/syscalls_subdirs.trigger
[5/480] Generating misc/generated/syscalls.json, misc/generated/struct_tags.json
[6/480] Generating include/generated/device-api-sections.ld, include/generated/device-api-sections.cmake
[7/480] Generating include/generated/zephyr/syscall_dispatch.c, include/generated/zephyr/syscall_exports_llext.c, syscall_weakdefs_llext.c, include/generated/zephyr/syscall_list.h
[8/480] Generating include/generated/zephyr/driver-validation.h
[9/480] Generating include/generated/zephyr/kobj-types-enum.h, include/generated/zephyr/otype-to-str.h, include/generated/zephyr/otype-to-size.h
[10/480] Building C object zephyr/CMakeFiles/offsets.dir/arch/arm/core/offsets/offsets.c.obj
[11/480] Generating include/generated/zephyr/offsets.h
[12/480] Generating nanopb/generator/nanopb_generator.py, nanopb/generator/proto/nanopb.proto
[13/480] Building C object zephyr/CMakeFiles/zephyr.dir/lib/crc/crc32_sw.c.obj
[14/480] Building C object zephyr/CMakeFiles/zephyr.dir/lib/crc/crc24_sw.c.obj
[15/480] Building C object zephyr/CMakeFiles/zephyr.dir/lib/crc/crc16_sw.c.obj
[16/480] Building C object zephyr/CMakeFiles/zephyr.dir/lib/crc/crc32c_sw.c.obj
[17/480] Building C object zephyr/CMakeFiles/zephyr.dir/lib/crc/crc7_sw.c.obj
[18/480] Building C object zephyr/CMakeFiles/zephyr.dir/lib/crc/crc8_sw.c.obj
[19/480] Building C object zephyr/CMakeFiles/zephyr.dir/lib/crc/crc4_sw.c.obj
[20/480] Generating nanopb/generator/proto/nanopb_pb2.py
[21/480] Building C object zephyr/CMakeFiles/zephyr.dir/lib/os/printk.c.obj
[22/480] Building C object zephyr/CMakeFiles/zephyr.dir/lib/os/thread_entry.c.obj
[23/480] Building C object zephyr/CMakeFiles/zephyr.dir/lib/os/sem.c.obj
[24/480] Building C object zephyr/CMakeFiles/zephyr.dir/lib/heap/heap.c.obj
[25/480] Building C object zephyr/CMakeFiles/zephyr.dir/lib/os/cbprintf_packaged.c.obj
[26/480] Running C++ protocol buffer compiler using nanopb plugin on /tmp/zmk-config/modules/msgs/zmk-studio-messages/proto/zmk/studio.proto
[27/480] Running C++ protocol buffer compiler using nanopb plugin on /tmp/zmk-config/modules/msgs/zmk-studio-messages/proto/zmk/meta.proto
[28/480] Running C++ protocol buffer compiler using nanopb plugin on /tmp/zmk-config/modules/msgs/zmk-studio-messages/proto/zmk/core.proto
[29/480] Running C++ protocol buffer compiler using nanopb plugin on /tmp/zmk-config/modules/msgs/zmk-studio-messages/proto/zmk/behaviors.proto
[30/480] Building C object zephyr/CMakeFiles/zephyr.dir/lib/os/assert.c.obj
[31/480] Building C object zephyr/CMakeFiles/zephyr.dir/lib/os/poweroff.c.obj
[32/480] Building C object zephyr/CMakeFiles/zephyr.dir/lib/utils/dec.c.obj
[33/480] Building C object zephyr/CMakeFiles/zephyr.dir/lib/utils/hex.c.obj
[34/480] Running C++ protocol buffer compiler using nanopb plugin on /tmp/zmk-config/modules/msgs/zmk-studio-messages/proto/zmk/keymap.proto
[35/480] Building C object zephyr/CMakeFiles/zephyr.dir/lib/os/reboot.c.obj
[36/480] Building C object CMakeFiles/app.dir/src/stdlib.c.obj
[37/480] Building C object zephyr/CMakeFiles/zephyr.dir/lib/utils/timeutil.c.obj
[38/480] Building C object CMakeFiles/app.dir/src/activity.c.obj
[39/480] Building C object zephyr/CMakeFiles/zephyr.dir/lib/utils/rb.c.obj
[40/480] Building C object zephyr/CMakeFiles/zephyr.dir/lib/os/cbprintf_complete.c.obj
[41/480] Building C object zephyr/CMakeFiles/zephyr.dir/lib/utils/bitarray.c.obj
[42/480] Building C object CMakeFiles/app.dir/src/matrix_transform.c.obj
[43/480] Building C object CMakeFiles/app.dir/src/sensors.c.obj
[44/480] Building C object CMakeFiles/app.dir/src/physical_layouts.c.obj
[45/480] Building C object CMakeFiles/app.dir/src/behavior.c.obj
[46/480] Building C object CMakeFiles/app.dir/src/pm.c.obj
[47/480] Building C object CMakeFiles/app.dir/src/event_manager.c.obj
[48/480] Building C object CMakeFiles/app.dir/src/ext_power_generic.c.obj
[49/480] Building C object CMakeFiles/app.dir/src/events/activity_state_changed.c.obj
[50/480] Building C object CMakeFiles/app.dir/src/events/sensor_event.c.obj
[51/480] Building C object CMakeFiles/app.dir/src/events/position_state_changed.c.obj
[52/480] Building C object CMakeFiles/app.dir/src/events/usb_conn_state_changed.c.obj
[53/480] Building C object CMakeFiles/app.dir/src/behaviors/behavior_reset.c.obj
[54/480] Building C object CMakeFiles/app.dir/src/behaviors/behavior_ext_power.c.obj
[55/480] Building C object CMakeFiles/app.dir/src/pointing/input_listener.c.obj
[56/480] Building C object CMakeFiles/app.dir/src/behaviors/behavior_key_press.c.obj
[57/480] Building C object CMakeFiles/app.dir/src/hid.c.obj
[58/480] Building C object CMakeFiles/app.dir/src/behaviors/behavior_caps_word.c.obj
[59/480] Building C object CMakeFiles/app.dir/src/behaviors/behavior_hold_tap.c.obj
[60/480] Building C object CMakeFiles/app.dir/src/behaviors/behavior_macro.c.obj
[61/480] Building C object CMakeFiles/app.dir/src/behaviors/behavior_key_repeat.c.obj
[62/480] Building C object CMakeFiles/app.dir/src/behaviors/behavior_momentary_layer.c.obj
[63/480] Building C object CMakeFiles/app.dir/src/behaviors/behavior_outputs.c.obj
[64/480] Building C object CMakeFiles/app.dir/src/behaviors/behavior_toggle_layer.c.obj
[65/480] Building C object CMakeFiles/app.dir/src/behaviors/behavior_none.c.obj
[66/480] Building C object CMakeFiles/app.dir/src/behaviors/behavior_mod_morph.c.obj
[67/480] Building C object CMakeFiles/app.dir/src/behaviors/behavior_transparent.c.obj
[68/480] Building C object CMakeFiles/app.dir/src/behaviors/behavior_to_layer.c.obj
[69/480] Building C object CMakeFiles/app.dir/src/behaviors/behavior_sensor_rotate_var.c.obj
[70/480] Building C object CMakeFiles/app.dir/src/behaviors/behavior_studio_unlock.c.obj
[71/480] Building C object CMakeFiles/app.dir/src/behaviors/behavior_mouse_key_press.c.obj
[72/480] Building C object CMakeFiles/app.dir/src/behavior_queue.c.obj
[73/480] Building C object CMakeFiles/app.dir/src/behaviors/behavior_sensor_rotate_common.c.obj
[74/480] Building C object CMakeFiles/app.dir/src/behaviors/behavior_input_two_axis.c.obj
[75/480] Building C object CMakeFiles/app.dir/src/behaviors/behavior_tap_dance.c.obj
[76/480] Building C object CMakeFiles/app.dir/src/events/endpoint_changed.c.obj
[77/480] Building C object CMakeFiles/app.dir/src/hid_listener.c.obj
[78/480] Building C object CMakeFiles/app.dir/src/conditional_layer.c.obj
[79/480] Building C object CMakeFiles/app.dir/src/combo.c.obj
[80/480] Building C object CMakeFiles/app.dir/src/endpoints.c.obj
[81/480] Building C object CMakeFiles/app.dir/src/events/modifiers_state_changed.c.obj
[82/480] Building C object CMakeFiles/app.dir/src/events/keycode_state_changed.c.obj
[83/480] Building C object CMakeFiles/app.dir/src/events/layer_state_changed.c.obj
[84/480] Building C object CMakeFiles/app.dir/src/events/ble_active_profile_changed.c.obj
[85/480] Building C object CMakeFiles/app.dir/src/behaviors/behavior_bt.c.obj
[86/480] Building C object CMakeFiles/app.dir/src/events/battery_state_changed.c.obj
[87/480] Building C object CMakeFiles/app.dir/src/battery.c.obj
[88/480] Building C object CMakeFiles/app.dir/src/events/split_peripheral_status_changed.c.obj
[89/480] Building C object CMakeFiles/app.dir/src/hog.c.obj
[90/480] Building C object CMakeFiles/app.dir/src/ble.c.obj
[91/480] Building C object CMakeFiles/app.dir/src/split/bluetooth/central_bas_proxy.c.obj
[92/480] Building C object CMakeFiles/app.dir/src/split/central.c.obj
[93/480] Building C object CMakeFiles/app.dir/src/keymap.c.obj
[94/480] Building C object CMakeFiles/app.dir/src/usb.c.obj
[95/480] Building C object CMakeFiles/app.dir/src/usb_hid.c.obj
[96/480] Building C object CMakeFiles/app.dir/src/split/bluetooth/central.c.obj
[97/480] Building C object CMakeFiles/app.dir/src/workqueue.c.obj
[98/480] Building C object CMakeFiles/app.dir/proto/zmk/studio.pb.c.obj
[99/480] Building C object CMakeFiles/app.dir/proto/zmk/core.pb.c.obj
[100/480] Building C object CMakeFiles/app.dir/proto/zmk/meta.pb.c.obj
[101/480] Building C object CMakeFiles/app.dir/proto/zmk/behaviors.pb.c.obj
[102/480] Building C object CMakeFiles/app.dir/src/settings/reset_settings_nvs.c.obj
[103/480] Building C object CMakeFiles/app.dir/src/main.c.obj
[104/480] Building C object CMakeFiles/app.dir/proto/zmk/keymap.pb.c.obj
[105/480] Building C object CMakeFiles/app.dir/src/studio/core.c.obj
[106/480] Building C object CMakeFiles/app.dir/src/studio/msg_framing.c.obj
[107/480] Building C object CMakeFiles/app.dir/src/studio/behavior_subsystem.c.obj
[108/480] Building C object CMakeFiles/app.dir/src/studio/core_subsystem.c.obj
[109/480] Building C object zephyr/CMakeFiles/zephyr.dir/lib/utils/notify.c.obj
[110/480] Building C object CMakeFiles/app.dir/src/studio/keymap_subsystem.c.obj
[111/480] Building C object CMakeFiles/app.dir/src/studio/rpc.c.obj
[112/480] Building C object CMakeFiles/app.dir/src/studio/gatt_rpc_transport.c.obj
[113/480] Building C object zephyr/CMakeFiles/zephyr.dir/misc/generated/configs.c.obj
[114/480] Building C object zephyr/CMakeFiles/zephyr.dir/lib/utils/ring_buffer.c.obj
[115/480] Linking C static library app/libapp.a
[116/480] Building C object zephyr/CMakeFiles/zephyr.dir/lib/utils/onoff.c.obj
[117/480] Building C object zephyr/CMakeFiles/zephyr.dir/subsys/pm/device_system_managed.c.obj
[118/480] Building C object zephyr/CMakeFiles/zephyr.dir/subsys/storage/flash_map/flash_map.c.obj
[119/480] Building C object zephyr/CMakeFiles/zephyr.dir/subsys/mem_mgmt/mem_attr.c.obj
[120/480] Building C object zephyr/CMakeFiles/zephyr.dir/subsys/tracing/tracing_none.c.obj
[121/480] Building C object zephyr/CMakeFiles/zephyr.dir/subsys/pm/device.c.obj
[122/480] Building C object zephyr/CMakeFiles/zephyr.dir/subsys/storage/flash_map/flash_map_layout.c.obj
[123/480] Building C object zephyr/CMakeFiles/zephyr.dir/subsys/storage/flash_map/flash_map_default.c.obj
[124/480] Building C object zephyr/CMakeFiles/zephyr.dir/subsys/usb/device/usb_transfer.c.obj
[125/480] Building C object zephyr/CMakeFiles/zephyr.dir/subsys/fs/nvs/nvs.c.obj
[126/480] Building C object zephyr/CMakeFiles/zephyr.dir/subsys/usb/device/usb_descriptor.c.obj
[127/480] Building C object zephyr/CMakeFiles/zephyr.dir/subsys/bluetooth/services/dis.c.obj
[128/480] Building C object zephyr/CMakeFiles/zephyr.dir/subsys/bluetooth/services/bas/bas.c.obj
[129/480] Building C object zephyr/CMakeFiles/zephyr.dir/subsys/settings/src/settings_store.c.obj
[130/480] Building C object zephyr/CMakeFiles/zephyr.dir/subsys/settings/src/settings.c.obj
[131/480] Building C object zephyr/CMakeFiles/zephyr.dir/subsys/settings/src/settings_init.c.obj
[132/480] Building C object zephyr/CMakeFiles/zephyr.dir/subsys/usb/device/usb_device.c.obj
[133/480] Generating linker_zephyr_pre0.cmd
[134/480] Building C object zephyr/CMakeFiles/zephyr_pre0.dir/misc/empty_file.c.obj
[135/480] Building C object zephyr/CMakeFiles/zephyr.dir/subsys/settings/src/settings_line.c.obj
[136/480] Building C object zephyr/CMakeFiles/zephyr.dir/subsys/settings/src/settings_nvs.c.obj
[137/480] Building C object zephyr/CMakeFiles/zephyr.dir/drivers/flash/flash_util.c.obj
[138/480] Building ASM object zephyr/arch/arch/arm/core/CMakeFiles/arch__arm__core.dir/nmi_on_reset.S.obj
[139/480] Linking C static library zephyr/libzephyr.a
[140/480] Building C object zephyr/arch/common/CMakeFiles/arch__common.dir/sw_isr_common.c.obj
[141/480] Building C object zephyr/arch/common/CMakeFiles/isr_tables.dir/isr_tables.c.obj
[142/480] Linking C static library zephyr/arch/common/libisr_tables.a
[143/480] Linking C static library zephyr/arch/common/libarch__common.a
[144/480] Building ASM object zephyr/arch/arch/arm/core/cortex_m/CMakeFiles/arch__arm__core__cortex_m.dir/fault_s.S.obj
[145/480] Building C object zephyr/arch/arch/arm/core/CMakeFiles/arch__arm__core.dir/nmi.c.obj
[146/480] Building C object zephyr/arch/arch/arm/core/CMakeFiles/arch__arm__core.dir/tls.c.obj
[147/480] Building C object zephyr/arch/arch/arm/core/CMakeFiles/arch__arm__core.dir/fatal.c.obj
[148/480] Linking C static library zephyr/arch/arch/arm/core/libarch__arm__core.a
[149/480] Building C object zephyr/arch/arch/arm/core/cortex_m/CMakeFiles/arch__arm__core__cortex_m.dir/fault.c.obj
[150/480] Building ASM object zephyr/arch/arch/arm/core/cortex_m/CMakeFiles/arch__arm__core__cortex_m.dir/reset.S.obj
[151/480] Building C object zephyr/arch/arch/arm/core/cortex_m/CMakeFiles/arch__arm__core__cortex_m.dir/fpu.c.obj
[152/480] Building C object zephyr/arch/arch/arm/core/cortex_m/CMakeFiles/arch__arm__core__cortex_m.dir/exc_exit.c.obj
[153/480] Building ASM object zephyr/arch/arch/arm/core/cortex_m/CMakeFiles/arch__arm__core__cortex_m.dir/vector_table.S.obj
[154/480] Building ASM object zephyr/arch/arch/arm/core/cortex_m/CMakeFiles/arch__arm__core__cortex_m.dir/swap_helper.S.obj
[155/480] Building C object zephyr/arch/arch/arm/core/cortex_m/CMakeFiles/arch__arm__core__cortex_m.dir/scb.c.obj
[156/480] Building C object zephyr/arch/arch/arm/core/cortex_m/CMakeFiles/arch__arm__core__cortex_m.dir/thread_abort.c.obj
[157/480] Building C object zephyr/arch/arch/arm/core/cortex_m/CMakeFiles/arch__arm__core__cortex_m.dir/irq_manage.c.obj
[158/480] Building C object zephyr/arch/arch/arm/core/cortex_m/CMakeFiles/arch__arm__core__cortex_m.dir/thread.c.obj
[159/480] Building ASM object zephyr/arch/arch/arm/core/cortex_m/CMakeFiles/arch__arm__core__cortex_m.dir/__aeabi_read_tp.S.obj
[160/480] Building C object zephyr/arch/arch/arm/core/cortex_m/CMakeFiles/arch__arm__core__cortex_m.dir/prep_c.c.obj
[161/480] Building C object zephyr/arch/arch/arm/core/cortex_m/CMakeFiles/arch__arm__core__cortex_m.dir/cpu_idle.c.obj
[162/480] Building C object zephyr/arch/arch/arm/core/cortex_m/CMakeFiles/arch__arm__core__cortex_m.dir/irq_init.c.obj
[163/480] Building C object zephyr/arch/arch/arm/core/cortex_m/CMakeFiles/arch__arm__core__cortex_m.dir/isr_wrapper.c.obj
[164/480] Building C object zephyr/arch/arch/arm/core/mpu/CMakeFiles/arch__arm__core__mpu.dir/arm_core_mpu.c.obj
[165/480] Linking C static library zephyr/arch/arch/arm/core/cortex_m/libarch__arm__core__cortex_m.a
[166/480] Building C object zephyr/arch/arch/arm/core/mpu/CMakeFiles/arch__arm__core__mpu.dir/arm_mpu_regions.c.obj
[167/480] Building C object zephyr/lib/libc/picolibc/CMakeFiles/lib__libc__picolibc.dir/cbprintf.c.obj
[168/480] Building C object zephyr/lib/libc/picolibc/CMakeFiles/lib__libc__picolibc.dir/assert.c.obj
[169/480] Building C object zephyr/lib/libc/picolibc/CMakeFiles/lib__libc__picolibc.dir/errno_wrap.c.obj
[170/480] Building C object zephyr/arch/arch/arm/core/mpu/CMakeFiles/arch__arm__core__mpu.dir/arm_mpu.c.obj
[171/480] Linking C static library zephyr/arch/arch/arm/core/mpu/libarch__arm__core__mpu.a
[172/480] Building C object zephyr/lib/libc/picolibc/CMakeFiles/lib__libc__picolibc.dir/exit.c.obj
[173/480] Building C object zephyr/lib/libc/picolibc/CMakeFiles/lib__libc__picolibc.dir/chk_fail.c.obj
[174/480] Building C object zephyr/lib/libc/picolibc/CMakeFiles/lib__libc__picolibc.dir/stdio.c.obj
[175/480] Building C object zephyr/lib/libc/picolibc/CMakeFiles/lib__libc__picolibc.dir/locks.c.obj
[176/480] Linking C static library zephyr/lib/libc/picolibc/liblib__libc__picolibc.a
[177/480] Building C object zephyr/lib/libc/common/CMakeFiles/lib__libc__common.dir/source/stdlib/abort.c.obj
[178/480] Building C object zephyr/lib/libc/common/CMakeFiles/lib__libc__common.dir/source/stdlib/malloc.c.obj
[179/480] Building C object zephyr/soc/soc/nrf52840/CMakeFiles/soc__nordic.dir/validate_enabled_instances.c.obj
[180/480] Linking C static library zephyr/lib/libc/common/liblib__libc__common.a
[181/480] Building C object zephyr/soc/soc/nrf52840/CMakeFiles/soc__nordic.dir/validate_base_addresses.c.obj
[182/480] Building C object zephyr/soc/soc/nrf52840/CMakeFiles/soc__nordic.dir/nrf52/soc.c.obj
[183/480] Building C object zephyr/lib/net_buf/CMakeFiles/lib__net_buf.dir/buf_simple.c.obj
[184/480] Building C object zephyr/lib/net_buf/CMakeFiles/lib__net_buf.dir/buf.c.obj
[185/480] Linking C static library zephyr/lib/net_buf/liblib__net_buf.a
[186/480] Building C object zephyr/soc/soc/nrf52840/CMakeFiles/soc__nordic.dir/common/poweroff.c.obj
[187/480] Building C object zephyr/boards/boards/arm/cornix_left/CMakeFiles/..__zmk-keyboard-cornix__boards__jzf__cornix.dir/pinmux.c.obj
[188/480] Linking C static library zephyr/soc/soc/nrf52840/libsoc__nordic.a
[189/480] Linking C static library zephyr/boards/boards/arm/cornix_left/lib..__zmk-keyboard-cornix__boards__jzf__cornix.a
[190/480] Building C object zephyr/subsys/bluetooth/common/CMakeFiles/subsys__bluetooth__common.dir/addr.c.obj
[191/480] Building C object zephyr/subsys/random/CMakeFiles/subsys__random.dir/random_xoshiro128.c.obj
[192/480] Building C object zephyr/subsys/random/CMakeFiles/subsys__random.dir/random_entropy_device.c.obj
[193/480] Linking C static library zephyr/subsys/random/libsubsys__random.a
[194/480] Building C object zephyr/subsys/usb/device/class/hid/CMakeFiles/subsys__usb__device__class__hid.dir/core.c.obj
[195/480] Linking C static library zephyr/subsys/usb/device/class/hid/libsubsys__usb__device__class__hid.a
[196/480] Building C object zephyr/subsys/bluetooth/common/CMakeFiles/subsys__bluetooth__common.dir/dummy.c.obj
[197/480] Building C object zephyr/subsys/bluetooth/common/CMakeFiles/subsys__bluetooth__common.dir/rpa.c.obj
[198/480] Building C object zephyr/subsys/bluetooth/host/CMakeFiles/subsys__bluetooth__host.dir/long_wq.c.obj
[199/480] Building C object zephyr/subsys/bluetooth/common/CMakeFiles/subsys__bluetooth__common.dir/bt_str.c.obj
[200/480] Building C object zephyr/subsys/bluetooth/host/CMakeFiles/subsys__bluetooth__host.dir/uuid.c.obj
[201/480] Building C object zephyr/subsys/bluetooth/host/CMakeFiles/subsys__bluetooth__host.dir/addr.c.obj
[202/480] Linking C static library zephyr/subsys/bluetooth/common/libsubsys__bluetooth__common.a
[203/480] Building C object zephyr/subsys/bluetooth/host/CMakeFiles/subsys__bluetooth__host.dir/settings.c.obj
[204/480] Building C object zephyr/subsys/bluetooth/host/CMakeFiles/subsys__bluetooth__host.dir/hci_common.c.obj
[205/480] Building C object zephyr/subsys/bluetooth/host/CMakeFiles/subsys__bluetooth__host.dir/buf.c.obj
[206/480] Building C object zephyr/subsys/bluetooth/host/CMakeFiles/subsys__bluetooth__host.dir/data.c.obj
[207/480] Building C object zephyr/subsys/bluetooth/host/CMakeFiles/subsys__bluetooth__host.dir/id.c.obj
[208/480] Building C object zephyr/subsys/bluetooth/host/CMakeFiles/subsys__bluetooth__host.dir/adv.c.obj
[209/480] Building C object zephyr/subsys/bluetooth/host/CMakeFiles/subsys__bluetooth__host.dir/ecc.c.obj
[210/480] Building C object zephyr/subsys/bluetooth/host/CMakeFiles/subsys__bluetooth__host.dir/scan.c.obj
[211/480] Building C object zephyr/subsys/bluetooth/host/CMakeFiles/subsys__bluetooth__host.dir/hci_core.c.obj
[212/480] Building C object zephyr/subsys/bluetooth/host/CMakeFiles/subsys__bluetooth__host.dir/l2cap.c.obj
[213/480] Building C object zephyr/subsys/bluetooth/host/CMakeFiles/subsys__bluetooth__host.dir/keys.c.obj
[214/480] Building C object zephyr/subsys/bluetooth/crypto/CMakeFiles/subsys__bluetooth__crypto.dir/bt_crypto.c.obj
[215/480] Building C object zephyr/subsys/bluetooth/host/CMakeFiles/subsys__bluetooth__host.dir/conn.c.obj
[216/480] Building C object zephyr/subsys/bluetooth/controller/CMakeFiles/subsys__bluetooth__controller.dir/util/mem.c.obj
[217/480] Building C object zephyr/subsys/bluetooth/host/CMakeFiles/subsys__bluetooth__host.dir/smp.c.obj
[218/480] Building C object zephyr/subsys/bluetooth/host/CMakeFiles/subsys__bluetooth__host.dir/att.c.obj
[219/480] Building C object zephyr/subsys/bluetooth/controller/CMakeFiles/subsys__bluetooth__controller.dir/util/memq.c.obj
[220/480] Building C object zephyr/subsys/bluetooth/controller/CMakeFiles/subsys__bluetooth__controller.dir/util/mayfly.c.obj
[221/480] Building C object zephyr/subsys/bluetooth/crypto/CMakeFiles/subsys__bluetooth__crypto.dir/bt_crypto_psa.c.obj
[222/480] Linking C static library zephyr/subsys/bluetooth/crypto/libsubsys__bluetooth__crypto.a
[223/480] Building C object zephyr/subsys/bluetooth/controller/CMakeFiles/subsys__bluetooth__controller.dir/util/dbuf.c.obj
[224/480] Building C object zephyr/subsys/bluetooth/controller/CMakeFiles/subsys__bluetooth__controller.dir/ll_sw/ll_feat.c.obj
[225/480] Building C object zephyr/subsys/bluetooth/controller/CMakeFiles/subsys__bluetooth__controller.dir/util/util.c.obj
[226/480] Building C object zephyr/subsys/bluetooth/controller/CMakeFiles/subsys__bluetooth__controller.dir/ll_sw/ll_tx_pwr.c.obj
[227/480] Building C object zephyr/subsys/bluetooth/controller/CMakeFiles/subsys__bluetooth__controller.dir/ll_sw/ll_addr.c.obj
[228/480] Building C object zephyr/subsys/bluetooth/controller/CMakeFiles/subsys__bluetooth__controller.dir/ll_sw/lll_common.c.obj
[229/480] Building C object zephyr/subsys/bluetooth/controller/CMakeFiles/subsys__bluetooth__controller.dir/hci/hci_driver.c.obj
[230/480] Building C object zephyr/subsys/bluetooth/controller/CMakeFiles/subsys__bluetooth__controller.dir/ll_sw/ull.c.obj
[231/480] Building C object zephyr/subsys/bluetooth/host/CMakeFiles/subsys__bluetooth__host.dir/gatt.c.obj
[232/480] Building C object zephyr/subsys/bluetooth/controller/CMakeFiles/subsys__bluetooth__controller.dir/ticker/ticker.c.obj
[233/480] Linking C static library zephyr/subsys/bluetooth/host/libsubsys__bluetooth__host.a
[234/480] Building C object zephyr/subsys/bluetooth/controller/CMakeFiles/subsys__bluetooth__controller.dir/ll_sw/ull_adv.c.obj
[235/480] Building C object zephyr/subsys/bluetooth/controller/CMakeFiles/subsys__bluetooth__controller.dir/ll_sw/ull_scan.c.obj
[236/480] Building C object zephyr/subsys/bluetooth/controller/CMakeFiles/subsys__bluetooth__controller.dir/ll_sw/ull_llcp_enc.c.obj
[237/480] Building C object zephyr/subsys/bluetooth/controller/CMakeFiles/subsys__bluetooth__controller.dir/ll_sw/ull_tx_queue.c.obj
[238/480] Building C object zephyr/subsys/bluetooth/controller/CMakeFiles/subsys__bluetooth__controller.dir/hci/hci.c.obj
[239/480] Building C object zephyr/subsys/bluetooth/controller/CMakeFiles/subsys__bluetooth__controller.dir/ll_sw/ull_llcp_phy.c.obj
[240/480] Building C object zephyr/subsys/bluetooth/controller/CMakeFiles/subsys__bluetooth__controller.dir/ll_sw/ull_conn.c.obj
[241/480] Building C object zephyr/subsys/bluetooth/controller/CMakeFiles/subsys__bluetooth__controller.dir/ll_sw/ull_llcp_local.c.obj
[242/480] Building C object zephyr/subsys/bluetooth/controller/CMakeFiles/subsys__bluetooth__controller.dir/ll_sw/ull_llcp_common.c.obj
[243/480] Building C object zephyr/subsys/bluetooth/controller/CMakeFiles/subsys__bluetooth__controller.dir/ll_sw/ull_llcp.c.obj
[244/480] Building C object zephyr/subsys/bluetooth/controller/CMakeFiles/subsys__bluetooth__controller.dir/ll_sw/ull_llcp_pdu.c.obj
[245/480] Building C object zephyr/subsys/bluetooth/controller/CMakeFiles/subsys__bluetooth__controller.dir/ll_sw/ull_llcp_conn_upd.c.obj
[246/480] Building C object zephyr/subsys/bluetooth/controller/CMakeFiles/subsys__bluetooth__controller.dir/ll_sw/ull_llcp_chmu.c.obj
[247/480] Building C object zephyr/subsys/bluetooth/controller/CMakeFiles/subsys__bluetooth__controller.dir/ll_sw/ull_chan.c.obj
[248/480] Building C object zephyr/subsys/bluetooth/controller/CMakeFiles/subsys__bluetooth__controller.dir/ll_sw/ull_peripheral.c.obj
[249/480] Building C object zephyr/subsys/bluetooth/controller/CMakeFiles/subsys__bluetooth__controller.dir/ll_sw/ull_sched.c.obj
[250/480] Building C object zephyr/subsys/bluetooth/controller/CMakeFiles/subsys__bluetooth__controller.dir/ll_sw/ull_llcp_remote.c.obj
[251/480] Building C object zephyr/subsys/bluetooth/controller/CMakeFiles/subsys__bluetooth__controller.dir/crypto/crypto.c.obj
[252/480] Building C object zephyr/subsys/bluetooth/controller/CMakeFiles/subsys__bluetooth__controller.dir/ll_sw/ull_central.c.obj
[253/480] Building C object zephyr/subsys/bluetooth/controller/CMakeFiles/subsys__bluetooth__controller.dir/ll_sw/lll_chan.c.obj
[254/480] Building C object zephyr/subsys/bluetooth/controller/CMakeFiles/subsys__bluetooth__controller.dir/flash/soc_flash_nrf_ticker.c.obj
[255/480] Building C object zephyr/subsys/bluetooth/controller/ll_sw/nordic/CMakeFiles/subsys__bluetooth__controller__ll_sw__nordic.dir/lll/lll_clock.c.obj
[256/480] Building C object zephyr/subsys/bluetooth/controller/CMakeFiles/subsys__bluetooth__controller.dir/ll_sw/ull_filter.c.obj
[257/480] Building C object zephyr/subsys/bluetooth/controller/ll_sw/nordic/CMakeFiles/subsys__bluetooth__controller__ll_sw__nordic.dir/lll/lll.c.obj
[258/480] Linking C static library zephyr/subsys/bluetooth/controller/libsubsys__bluetooth__controller.a
[259/480] Building C object zephyr/subsys/bluetooth/controller/ll_sw/nordic/CMakeFiles/subsys__bluetooth__controller__ll_sw__nordic.dir/lll/lll_adv.c.obj
[260/480] Building C object zephyr/subsys/bluetooth/controller/ll_sw/nordic/CMakeFiles/subsys__bluetooth__controller__ll_sw__nordic.dir/lll/lll_conn.c.obj
[261/480] Building C object zephyr/subsys/bluetooth/controller/ll_sw/nordic/CMakeFiles/subsys__bluetooth__controller__ll_sw__nordic.dir/lll/lll_scan.c.obj
[262/480] Building C object zephyr/subsys/bluetooth/controller/ll_sw/nordic/CMakeFiles/subsys__bluetooth__controller__ll_sw__nordic.dir/lll/lll_peripheral.c.obj
[263/480] Building C object zephyr/subsys/bluetooth/controller/ll_sw/nordic/CMakeFiles/subsys__bluetooth__controller__ll_sw__nordic.dir/hci/hci_vendor.c.obj
[264/480] Building C object zephyr/subsys/bluetooth/controller/ll_sw/nordic/CMakeFiles/subsys__bluetooth__controller__ll_sw__nordic.dir/hal/nrf5/cntr.c.obj
[265/480] Building C object zephyr/subsys/bluetooth/controller/ll_sw/nordic/CMakeFiles/subsys__bluetooth__controller__ll_sw__nordic.dir/lll/lll_central.c.obj
[266/480] Building C object zephyr/subsys/bluetooth/controller/ll_sw/nordic/CMakeFiles/subsys__bluetooth__controller__ll_sw__nordic.dir/hal/nrf5/mayfly.c.obj
[267/480] Building C object zephyr/subsys/input/CMakeFiles/subsys__input.dir/input_hid.c.obj
[268/480] Building C object zephyr/subsys/bluetooth/controller/ll_sw/nordic/CMakeFiles/subsys__bluetooth__controller__ll_sw__nordic.dir/hal/nrf5/ticker.c.obj
[269/480] Building C object zephyr/subsys/input/CMakeFiles/subsys__input.dir/input.c.obj
[270/480] Building C object zephyr/subsys/bluetooth/controller/ll_sw/nordic/CMakeFiles/subsys__bluetooth__controller__ll_sw__nordic.dir/hal/nrf5/ecb.c.obj
[271/480] Building C object zephyr/drivers/adc/CMakeFiles/drivers__adc.dir/adc_common.c.obj
[272/480] Building C object zephyr/subsys/input/CMakeFiles/subsys__input.dir/input_utils.c.obj
[273/480] Linking C static library zephyr/subsys/input/libsubsys__input.a
[274/480] Building C object zephyr/drivers/adc/CMakeFiles/drivers__adc.dir/adc_nrfx_saadc.c.obj
[275/480] Building C object zephyr/drivers/clock_control/CMakeFiles/drivers__clock_control.dir/nrf_clock_calibration.c.obj
[276/480] Building C object zephyr/drivers/clock_control/CMakeFiles/drivers__clock_control.dir/clock_control_nrf.c.obj
[277/480] Linking C static library zephyr/drivers/adc/libdrivers__adc.a
[278/480] Linking C static library zephyr/drivers/clock_control/libdrivers__clock_control.a
[279/480] Building C object zephyr/subsys/bluetooth/controller/ll_sw/nordic/CMakeFiles/subsys__bluetooth__controller__ll_sw__nordic.dir/hal/nrf5/radio/radio.c.obj
[280/480] Building C object zephyr/drivers/flash/CMakeFiles/drivers__flash.dir/flash_page_layout.c.obj
[281/480] Linking C static library zephyr/subsys/bluetooth/controller/ll_sw/nordic/libsubsys__bluetooth__controller__ll_sw__nordic.a
[282/480] Building C object zephyr/drivers/usb/common/nrf_usbd_common/CMakeFiles/drivers__usb__common__nrf_usbd_common.dir/nrf_usbd_common.c.obj
[283/480] Linking C static library zephyr/drivers/usb/common/nrf_usbd_common/libdrivers__usb__common__nrf_usbd_common.a
[284/480] Building C object zephyr/drivers/usb/device/CMakeFiles/drivers__usb__device.dir/usb_dc_nrfx.c.obj
[285/480] Linking C static library zephyr/drivers/usb/device/libdrivers__usb__device.a
[286/480] Building C object zephyr/drivers/entropy/CMakeFiles/drivers__entropy.dir/entropy_bt_hci.c.obj
[287/480] Building C object zephyr/drivers/entropy/CMakeFiles/drivers__entropy.dir/entropy_nrf5.c.obj
[288/480] Linking C static library zephyr/drivers/entropy/libdrivers__entropy.a
[289/480] Building C object zephyr/drivers/hwinfo/CMakeFiles/drivers__hwinfo.dir/hwinfo_weak_impl.c.obj
[290/480] Building C object zephyr/drivers/kscan/CMakeFiles/drivers__kscan.dir/tmp/zmk-config/zmk/app/module/drivers/kscan/kscan_gpio.c.obj
[291/480] Building C object zephyr/drivers/flash/CMakeFiles/drivers__flash.dir/soc_flash_nrf.c.obj
[292/480] Linking C static library zephyr/drivers/flash/libdrivers__flash.a
[293/480] Building C object zephyr/drivers/hwinfo/CMakeFiles/drivers__hwinfo.dir/hwinfo_nrf.c.obj
[294/480] Linking C static library zephyr/drivers/hwinfo/libdrivers__hwinfo.a
[295/480] Building C object zephyr/drivers/sensor/nordic/temp/CMakeFiles/drivers__sensor__nordic__temp.dir/temp_nrf5.c.obj
[296/480] Building C object zephyr/drivers/retained_mem/CMakeFiles/drivers__retained_mem.dir/retained_mem_nrf_gpregret.c.obj
[297/480] Linking C static library zephyr/drivers/sensor/nordic/temp/libdrivers__sensor__nordic__temp.a
[298/480] Linking C static library zephyr/drivers/retained_mem/libdrivers__retained_mem.a
[299/480] Building C object zephyr/drivers/timer/CMakeFiles/drivers__timer.dir/sys_clock_init.c.obj
[300/480] Building C object zephyr/drivers/kscan/CMakeFiles/drivers__kscan.dir/tmp/zmk-config/zmk/app/module/drivers/kscan/kscan_gpio_matrix.c.obj
[301/480] Building C object zephyr/drivers/gpio/CMakeFiles/drivers__gpio.dir/gpio_nrfx.c.obj
[302/480] Linking C static library zephyr/drivers/kscan/libdrivers__kscan.a
[303/480] Linking C static library zephyr/drivers/gpio/libdrivers__gpio.a
[304/480] Building C object zephyr/drivers/timer/CMakeFiles/drivers__timer.dir/nrf_rtc_timer.c.obj
[305/480] Linking C static library zephyr/drivers/timer/libdrivers__timer.a
[306/480] Building C object modules/nanopb/CMakeFiles/modules__nanopb.dir/tmp/zmk-config/modules/lib/nanopb/pb_common.c.obj
[307/480] Building C object modules/hal_nordic/nrfx/CMakeFiles/modules__hal_nordic__nrfx.dir/tmp/zmk-config/modules/hal/nordic/nrfx/mdk/system_nrf52840.c.obj
[308/480] Building C object modules/nanopb/CMakeFiles/modules__nanopb.dir/tmp/zmk-config/modules/lib/nanopb/pb_encode.c.obj
[309/480] Building C object modules/hal_nordic/nrfx/CMakeFiles/modules__hal_nordic__nrfx.dir/tmp/zmk-config/modules/hal/nordic/nrfx/helpers/nrfx_flag32_allocator.c.obj
[310/480] Building C object modules/hal_nordic/nrfx/CMakeFiles/modules__hal_nordic__nrfx.dir/nrfx_glue.c.obj
[311/480] Building C object modules/hal_nordic/nrfx/CMakeFiles/modules__hal_nordic__nrfx.dir/tmp/zmk-config/modules/hal/nordic/nrfx/helpers/nrfx_ram_ctrl.c.obj
[312/480] Building C object modules/nanopb/CMakeFiles/modules__nanopb.dir/tmp/zmk-config/modules/lib/nanopb/pb_decode.c.obj
[313/480] Linking C static library modules/nanopb/libmodules__nanopb.a
[314/480] Building C object modules/mbedtls/CMakeFiles/mbedTLSBase.dir/tmp/zmk-config/modules/crypto/mbedtls/library/aesni.c.obj
[315/480] Building C object modules/hal_nordic/nrfx/CMakeFiles/modules__hal_nordic__nrfx.dir/tmp/zmk-config/modules/hal/nordic/nrfx/drivers/src/nrfx_clock.c.obj
[316/480] Building C object modules/mbedtls/CMakeFiles/mbedTLSBase.dir/tmp/zmk-config/modules/crypto/mbedtls/library/aria.c.obj
[317/480] Building C object modules/mbedtls/CMakeFiles/mbedTLSBase.dir/tmp/zmk-config/modules/crypto/mbedtls/library/asn1parse.c.obj
[318/480] Building C object modules/mbedtls/CMakeFiles/mbedTLSBase.dir/tmp/zmk-config/modules/crypto/mbedtls/library/base64.c.obj
[319/480] Building C object modules/mbedtls/CMakeFiles/mbedTLSBase.dir/tmp/zmk-config/modules/crypto/mbedtls/library/asn1write.c.obj
[320/480] Building C object modules/mbedtls/CMakeFiles/mbedTLSBase.dir/tmp/zmk-config/modules/crypto/mbedtls/library/bignum_core.c.obj
[321/480] Building C object modules/mbedtls/CMakeFiles/mbedTLSBase.dir/tmp/zmk-config/modules/crypto/mbedtls/library/bignum_mod.c.obj
[322/480] Building C object modules/mbedtls/CMakeFiles/mbedTLSBase.dir/tmp/zmk-config/modules/crypto/mbedtls/library/bignum_mod_raw.c.obj
[323/480] Building C object modules/hal_nordic/nrfx/CMakeFiles/modules__hal_nordic__nrfx.dir/tmp/zmk-config/modules/hal/nordic/nrfx/drivers/src/nrfx_nvmc.c.obj
[324/480] Building C object modules/mbedtls/CMakeFiles/mbedTLSBase.dir/tmp/zmk-config/modules/crypto/mbedtls/library/bignum.c.obj
[325/480] Building C object modules/mbedtls/CMakeFiles/mbedTLSBase.dir/tmp/zmk-config/modules/crypto/mbedtls/library/aes.c.obj
[326/480] Building C object modules/mbedtls/CMakeFiles/mbedTLSBase.dir/tmp/zmk-config/modules/crypto/mbedtls/library/block_cipher.c.obj
[327/480] Building C object modules/mbedtls/CMakeFiles/mbedTLSBase.dir/tmp/zmk-config/modules/crypto/mbedtls/library/camellia.c.obj
[328/480] Building C object modules/mbedtls/CMakeFiles/mbedTLSBase.dir/tmp/zmk-config/modules/crypto/mbedtls/library/ccm.c.obj
[329/480] Building C object modules/mbedtls/CMakeFiles/mbedTLSBase.dir/tmp/zmk-config/modules/crypto/mbedtls/library/chacha20.c.obj
[330/480] Building C object modules/mbedtls/CMakeFiles/mbedTLSBase.dir/tmp/zmk-config/modules/crypto/mbedtls/library/chachapoly.c.obj
[331/480] Building C object modules/hal_nordic/nrfx/CMakeFiles/modules__hal_nordic__nrfx.dir/tmp/zmk-config/modules/hal/nordic/nrfx/drivers/src/nrfx_power.c.obj
[332/480] Building C object modules/mbedtls/CMakeFiles/mbedTLSBase.dir/tmp/zmk-config/modules/crypto/mbedtls/library/cipher_wrap.c.obj
[333/480] Building C object modules/mbedtls/CMakeFiles/mbedTLSBase.dir/tmp/zmk-config/modules/crypto/mbedtls/library/debug.c.obj
[334/480] Building C object modules/mbedtls/CMakeFiles/mbedTLSBase.dir/tmp/zmk-config/modules/crypto/mbedtls/library/des.c.obj
[335/480] Building C object modules/mbedtls/CMakeFiles/mbedTLSBase.dir/tmp/zmk-config/modules/crypto/mbedtls/library/constant_time.c.obj
[336/480] Building C object modules/mbedtls/CMakeFiles/mbedTLSBase.dir/tmp/zmk-config/modules/crypto/mbedtls/library/dhm.c.obj
[337/480] Building C object modules/mbedtls/CMakeFiles/mbedTLSBase.dir/tmp/zmk-config/modules/crypto/mbedtls/library/ecdh.c.obj
[338/480] Building C object modules/mbedtls/CMakeFiles/mbedTLSBase.dir/tmp/zmk-config/modules/crypto/mbedtls/library/cmac.c.obj
[339/480] Building C object modules/mbedtls/CMakeFiles/mbedTLSBase.dir/tmp/zmk-config/modules/crypto/mbedtls/library/ecdsa.c.obj
[340/480] Building C object modules/mbedtls/CMakeFiles/mbedTLSBase.dir/tmp/zmk-config/modules/crypto/mbedtls/library/ecp_curves_new.c.obj
[341/480] Building C object modules/mbedtls/CMakeFiles/mbedTLSBase.dir/tmp/zmk-config/modules/crypto/mbedtls/library/ecjpake.c.obj
[342/480] Building C object modules/mbedtls/CMakeFiles/mbedTLSBase.dir/tmp/zmk-config/modules/crypto/mbedtls/library/ctr_drbg.c.obj
[343/480] Building C object modules/mbedtls/CMakeFiles/mbedTLSBase.dir/tmp/zmk-config/modules/crypto/mbedtls/library/cipher.c.obj
[344/480] Building C object modules/mbedtls/CMakeFiles/mbedTLSBase.dir/tmp/zmk-config/modules/crypto/mbedtls/library/ecp_curves.c.obj
[345/480] Building C object modules/mbedtls/CMakeFiles/mbedTLSBase.dir/tmp/zmk-config/modules/crypto/mbedtls/library/entropy_poll.c.obj
[346/480] Building C object modules/mbedtls/CMakeFiles/mbedTLSBase.dir/tmp/zmk-config/modules/crypto/mbedtls/library/ecp.c.obj
[347/480] Building C object modules/mbedtls/CMakeFiles/mbedTLSBase.dir/tmp/zmk-config/modules/crypto/mbedtls/library/entropy.c.obj
[348/480] Building C object modules/mbedtls/CMakeFiles/mbedTLSBase.dir/tmp/zmk-config/modules/crypto/mbedtls/library/error.c.obj
[349/480] Building C object modules/mbedtls/CMakeFiles/mbedTLSBase.dir/tmp/zmk-config/modules/crypto/mbedtls/library/gcm.c.obj
[350/480] Building C object modules/mbedtls/CMakeFiles/mbedTLSBase.dir/tmp/zmk-config/modules/crypto/mbedtls/library/hkdf.c.obj
[351/480] Building C object modules/mbedtls/CMakeFiles/mbedTLSBase.dir/tmp/zmk-config/modules/crypto/mbedtls/library/lms.c.obj
[352/480] Building C object modules/mbedtls/CMakeFiles/mbedTLSBase.dir/tmp/zmk-config/modules/crypto/mbedtls/library/lmots.c.obj
[353/480] Building C object modules/mbedtls/CMakeFiles/mbedTLSBase.dir/tmp/zmk-config/modules/crypto/mbedtls/library/hmac_drbg.c.obj
[354/480] Building C object modules/mbedtls/CMakeFiles/mbedTLSBase.dir/tmp/zmk-config/modules/crypto/mbedtls/library/md.c.obj
[355/480] Building C object modules/mbedtls/CMakeFiles/mbedTLSBase.dir/tmp/zmk-config/modules/crypto/mbedtls/library/md5.c.obj
[356/480] Building C object modules/mbedtls/CMakeFiles/mbedTLSBase.dir/tmp/zmk-config/modules/crypto/mbedtls/library/mps_trace.c.obj
[357/480] Building C object modules/mbedtls/CMakeFiles/mbedTLSBase.dir/tmp/zmk-config/modules/crypto/mbedtls/library/mps_reader.c.obj
[358/480] Building C object modules/mbedtls/CMakeFiles/mbedTLSBase.dir/tmp/zmk-config/modules/crypto/mbedtls/library/nist_kw.c.obj
[359/480] Building C object modules/mbedtls/CMakeFiles/mbedTLSBase.dir/tmp/zmk-config/modules/crypto/mbedtls/library/padlock.c.obj
[360/480] Building C object modules/mbedtls/CMakeFiles/mbedTLSBase.dir/tmp/zmk-config/modules/crypto/mbedtls/library/oid.c.obj
[361/480] Building C object modules/mbedtls/CMakeFiles/mbedTLSBase.dir/tmp/zmk-config/modules/crypto/mbedtls/library/platform_util.c.obj
[362/480] Building C object modules/mbedtls/CMakeFiles/mbedTLSBase.dir/tmp/zmk-config/modules/crypto/mbedtls/library/poly1305.c.obj
[363/480] Building C object modules/mbedtls/CMakeFiles/mbedTLSBase.dir/tmp/zmk-config/modules/crypto/mbedtls/library/platform.c.obj
[364/480] Building C object modules/mbedtls/CMakeFiles/mbedTLSBase.dir/tmp/zmk-config/modules/crypto/mbedtls/library/memory_buffer_alloc.c.obj
[365/480] Building C object modules/mbedtls/CMakeFiles/mbedTLSBase.dir/tmp/zmk-config/modules/crypto/mbedtls/library/rsa_alt_helpers.c.obj
[366/480] Building C object modules/mbedtls/CMakeFiles/mbedTLSBase.dir/tmp/zmk-config/modules/crypto/mbedtls/library/psa_util.c.obj
[367/480] Building C object modules/mbedtls/CMakeFiles/mbedTLSBase.dir/tmp/zmk-config/modules/crypto/mbedtls/library/ripemd160.c.obj
[368/480] Building C object modules/mbedtls/CMakeFiles/mbedTLSBase.dir/tmp/zmk-config/modules/crypto/mbedtls/library/rsa.c.obj
[369/480] Building C object modules/mbedtls/CMakeFiles/mbedTLSBase.dir/tmp/zmk-config/modules/crypto/mbedtls/library/sha1.c.obj
[370/480] Building C object modules/mbedtls/CMakeFiles/mbedTLSBase.dir/tmp/zmk-config/modules/crypto/mbedtls/library/sha512.c.obj
[371/480] Building C object modules/mbedtls/CMakeFiles/mbedTLSBase.dir/tmp/zmk-config/modules/crypto/mbedtls/library/sha3.c.obj
[372/480] Building C object modules/mbedtls/CMakeFiles/mbedTLSBase.dir/tmp/zmk-config/modules/crypto/mbedtls/library/threading.c.obj
[373/480] Building C object modules/mbedtls/CMakeFiles/mbedTLSBase.dir/tmp/zmk-config/modules/crypto/mbedtls/library/timing.c.obj
[374/480] Building C object modules/mbedtls/CMakeFiles/mbedTLSBase.dir/tmp/zmk-config/modules/crypto/mbedtls/library/version_features.c.obj
[375/480] Building C object modules/mbedtls/CMakeFiles/mbedTLSBase.dir/tmp/zmk-config/modules/crypto/mbedtls/library/version.c.obj
[376/480] Building C object modules/mbedtls/CMakeFiles/mbedTLSBase.dir/tmp/zmk-config/modules/crypto/mbedtls/library/sha256.c.obj
[377/480] Building C object modules/mbedtls/CMakeFiles/mbedTLSCrypto.dir/tmp/zmk-config/modules/crypto/mbedtls/library/psa_crypto_aead.c.obj
[378/480] Building C object modules/mbedtls/CMakeFiles/mbedTLSCrypto.dir/tmp/zmk-config/modules/crypto/mbedtls/library/psa_crypto_driver_wrappers_no_static.c.obj
[379/480] Building C object modules/mbedtls/CMakeFiles/mbedTLSCrypto.dir/tmp/zmk-config/modules/crypto/mbedtls/library/psa_crypto_cipher.c.obj
[380/480] Building C object modules/mbedtls/CMakeFiles/mbedTLSCrypto.dir/tmp/zmk-config/modules/crypto/mbedtls/library/psa_crypto_ecp.c.obj
[381/480] Building C object modules/mbedtls/CMakeFiles/mbedTLSBase.dir/zephyr_init.c.obj
[382/480] Building C object modules/mbedtls/CMakeFiles/mbedTLSCrypto.dir/tmp/zmk-config/modules/crypto/mbedtls/library/psa_crypto_ffdh.c.obj
[383/480] Building C object modules/mbedtls/CMakeFiles/mbedTLSCrypto.dir/tmp/zmk-config/modules/crypto/mbedtls/library/psa_crypto_hash.c.obj
[384/480] Building C object modules/mbedtls/CMakeFiles/mbedTLSCrypto.dir/tmp/zmk-config/modules/crypto/mbedtls/library/psa_crypto_se.c.obj
[385/480] Building C object modules/mbedtls/CMakeFiles/mbedTLSCrypto.dir/tmp/zmk-config/modules/crypto/mbedtls/library/psa_crypto_rsa.c.obj
[386/480] Building C object modules/mbedtls/CMakeFiles/mbedTLSBase.dir/zephyr_entropy.c.obj
[387/480] Building C object modules/mbedtls/CMakeFiles/mbedTLSCrypto.dir/tmp/zmk-config/modules/crypto/mbedtls/library/psa_crypto_pake.c.obj
[388/480] Building C object modules/mbedtls/CMakeFiles/mbedTLSCrypto.dir/tmp/zmk-config/modules/crypto/mbedtls/library/psa_crypto_storage.c.obj
[389/480] Building C object modules/mbedtls/CMakeFiles/mbedTLSCrypto.dir/tmp/zmk-config/modules/crypto/mbedtls/library/psa_its_file.c.obj
[390/480] Building C object modules/hal_nordic/nrfx/CMakeFiles/modules__hal_nordic__nrfx.dir/tmp/zmk-config/modules/hal/nordic/nrfx/drivers/src/nrfx_gpiote.c.obj
[391/480] Linking C static library modules/mbedtls/libmbedTLSBase.a
[392/480] Building C object modules/mbedtls/CMakeFiles/mbedTLSCrypto.dir/tmp/zmk-config/modules/crypto/mbedtls/library/psa_crypto_mac.c.obj
[393/480] Building C object modules/mbedtls/CMakeFiles/mbedTLSCrypto.dir/tmp/zmk-config/modules/crypto/mbedtls/library/psa_crypto_client.c.obj
[394/480] Linking C static library modules/hal_nordic/nrfx/libmodules__hal_nordic__nrfx.a
[395/480] Building C object modules/mbedtls/CMakeFiles/mbedTLSCrypto.dir/tmp/zmk-config/modules/crypto/mbedtls/library/pem.c.obj
[396/480] Building C object modules/mbedtls/CMakeFiles/mbedTLSCrypto.dir/tmp/zmk-config/modules/crypto/mbedtls/library/pkcs12.c.obj
[397/480] Building C object modules/mbedtls/CMakeFiles/mbedTLSCrypto.dir/tmp/zmk-config/modules/crypto/mbedtls/library/psa_crypto_slot_management.c.obj
[398/480] Building C object modules/mbedtls/CMakeFiles/mbedTLSCrypto.dir/tmp/zmk-config/modules/crypto/mbedtls/library/pkcs5.c.obj
[399/480] Building C object modules/mbedtls/CMakeFiles/mbedTLSCrypto.dir/tmp/zmk-config/modules/crypto/mbedtls/library/pkparse.c.obj
[400/480] Building C object modules/mbedtls/CMakeFiles/mbedTLSCrypto.dir/tmp/zmk-config/modules/crypto/mbedtls/3rdparty/p256-m/p256-m_driver_entrypoints.c.obj
[401/480] Building C object modules/mbedtls/CMakeFiles/mbedTLSCrypto.dir/tmp/zmk-config/modules/crypto/mbedtls/library/pkwrite.c.obj
[402/480] Building C object modules/mbedtls/CMakeFiles/mbedTLSCrypto.dir/tmp/zmk-config/modules/crypto/mbedtls/library/pk.c.obj
[403/480] Building C object modules/mbedtls/CMakeFiles/mbedTLSCrypto.dir/tmp/zmk-config/modules/crypto/mbedtls/library/pk_wrap.c.obj
[404/480] Building C object modules/mbedtls/CMakeFiles/mbedTLSX509.dir/tmp/zmk-config/modules/crypto/mbedtls/library/x509.c.obj
[405/480] Building C object modules/mbedtls/CMakeFiles/mbedTLSCrypto.dir/tmp/zmk-config/modules/crypto/mbedtls/3rdparty/p256-m/p256-m/p256-m.c.obj
[406/480] Building C object modules/mbedtls/CMakeFiles/mbedTLSCrypto.dir/tmp/zmk-config/modules/crypto/mbedtls/library/pk_ecc.c.obj
[407/480] Building C object modules/mbedtls/CMakeFiles/mbedTLSX509.dir/tmp/zmk-config/modules/crypto/mbedtls/library/x509_create.c.obj
[408/480] Building C object modules/mbedtls/CMakeFiles/mbedTLSX509.dir/tmp/zmk-config/modules/crypto/mbedtls/library/x509_crl.c.obj
[409/480] Building C object modules/mbedtls/CMakeFiles/mbedTLSX509.dir/tmp/zmk-config/modules/crypto/mbedtls/library/x509_crt.c.obj
[410/480] Building C object modules/mbedtls/CMakeFiles/mbedTLSX509.dir/tmp/zmk-config/modules/crypto/mbedtls/library/x509write_crt.c.obj
[411/480] Building C object modules/mbedtls/CMakeFiles/mbedTLSX509.dir/tmp/zmk-config/modules/crypto/mbedtls/library/x509_csr.c.obj
[412/480] Building C object modules/mbedtls/CMakeFiles/mbedTLSX509.dir/tmp/zmk-config/modules/crypto/mbedtls/library/x509write_csr.c.obj
[413/480] Building C object modules/mbedtls/CMakeFiles/mbedTLSX509.dir/tmp/zmk-config/modules/crypto/mbedtls/library/x509write.c.obj
[414/480] Building C object modules/mbedtls/CMakeFiles/modules__mbedtls.dir/tmp/zmk-config/modules/crypto/mbedtls/library/net_sockets.c.obj
[415/480] Building C object modules/mbedtls/CMakeFiles/modules__mbedtls.dir/tmp/zmk-config/modules/crypto/mbedtls/library/ssl_cache.c.obj
[416/480] Building C object modules/mbedtls/CMakeFiles/modules__mbedtls.dir/tmp/zmk-config/modules/crypto/mbedtls/library/ssl_ciphersuites.c.obj
[417/480] Linking C static library modules/mbedtls/libmbedTLSX509.a
[418/480] Building C object modules/mbedtls/CMakeFiles/modules__mbedtls.dir/tmp/zmk-config/modules/crypto/mbedtls/library/ssl_client.c.obj
[419/480] Building C object modules/mbedtls/CMakeFiles/modules__mbedtls.dir/tmp/zmk-config/modules/crypto/mbedtls/library/ssl_cookie.c.obj
[420/480] Building C object modules/mbedtls/CMakeFiles/modules__mbedtls.dir/tmp/zmk-config/modules/crypto/mbedtls/library/ssl_debug_helpers_generated.c.obj
[421/480] Building C object modules/mbedtls/CMakeFiles/modules__mbedtls.dir/tmp/zmk-config/modules/crypto/mbedtls/library/ssl_msg.c.obj
[422/480] Building C object modules/mbedtls/CMakeFiles/modules__mbedtls.dir/tmp/zmk-config/modules/crypto/mbedtls/library/ssl_ticket.c.obj
[423/480] Building C object modules/mbedtls/CMakeFiles/modules__mbedtls.dir/tmp/zmk-config/modules/crypto/mbedtls/library/ssl_tls12_client.c.obj
[424/480] Building C object modules/mbedtls/CMakeFiles/modules__mbedtls.dir/tmp/zmk-config/modules/crypto/mbedtls/library/ssl_tls13_generic.c.obj
[425/480] Building C object modules/mbedtls/CMakeFiles/modules__mbedtls.dir/tmp/zmk-config/modules/crypto/mbedtls/library/ssl_tls13_keys.c.obj
[426/480] Building C object modules/mbedtls/CMakeFiles/modules__mbedtls.dir/tmp/zmk-config/modules/crypto/mbedtls/library/ssl_tls12_server.c.obj
[427/480] Building C object modules/mbedtls/CMakeFiles/modules__mbedtls.dir/tmp/zmk-config/modules/crypto/mbedtls/library/ssl_tls13_client.c.obj
[428/480] Building C object modules/mbedtls/CMakeFiles/modules__mbedtls.dir/tmp/zmk-config/modules/crypto/mbedtls/library/ssl_tls13_server.c.obj
[429/480] Building C object modules/mbedtls/CMakeFiles/modules__mbedtls.dir/tmp/zmk-config/modules/crypto/mbedtls/library/ssl_tls.c.obj
[430/480] Building C object modules/module/lib/zmk_debounce/CMakeFiles/..__zmk__app__module__lib__zmk_debounce.dir/debounce.c.obj
[431/480] Linking C static library modules/module/lib/zmk_debounce/lib..__zmk__app__module__lib__zmk_debounce.a
[432/480] Building C object modules/module/drivers/sensor/battery/CMakeFiles/..__zmk__app__module__drivers__sensor__battery.dir/battery_common.c.obj
[433/480] Building C object modules/module/drivers/sensor/ec11/CMakeFiles/..__zmk__app__module__drivers__sensor__ec11.dir/ec11_trigger.c.obj
[434/480] Building C object modules/module/drivers/sensor/battery/CMakeFiles/..__zmk__app__module__drivers__sensor__battery.dir/battery_voltage_divider.c.obj
[435/480] Building C object modules/module/drivers/sensor/ec11/CMakeFiles/..__zmk__app__module__drivers__sensor__ec11.dir/ec11.c.obj
[436/480] Linking C static library modules/module/drivers/sensor/battery/lib..__zmk__app__module__drivers__sensor__battery.a
[437/480] Linking C static library modules/module/drivers/sensor/ec11/lib..__zmk__app__module__drivers__sensor__ec11.a
[438/480] Building C object zephyr/kernel/CMakeFiles/kernel.dir/main_weak.c.obj
[439/480] Building C object zephyr/kernel/CMakeFiles/kernel.dir/busy_wait.c.obj
[440/480] Building C object zephyr/kernel/CMakeFiles/kernel.dir/device.c.obj
[441/480] Building C object zephyr/kernel/CMakeFiles/kernel.dir/init_static.c.obj
[442/480] Building C object zephyr/kernel/CMakeFiles/kernel.dir/banner.c.obj
[443/480] Building C object zephyr/kernel/CMakeFiles/kernel.dir/errno.c.obj
[444/480] Building C object zephyr/kernel/CMakeFiles/kernel.dir/fatal.c.obj
[445/480] Building C object zephyr/kernel/CMakeFiles/kernel.dir/version.c.obj
[446/480] Building C object zephyr/kernel/CMakeFiles/kernel.dir/init.c.obj
[447/480] Building C object zephyr/kernel/CMakeFiles/kernel.dir/kheap.c.obj
[448/480] Building C object zephyr/kernel/CMakeFiles/kernel.dir/idle.c.obj
[449/480] Building C object zephyr/kernel/CMakeFiles/kernel.dir/mem_slab.c.obj
[450/480] Building C object modules/mbedtls/CMakeFiles/mbedTLSCrypto.dir/tmp/zmk-config/modules/crypto/mbedtls/library/psa_crypto.c.obj
[451/480] Building C object zephyr/kernel/CMakeFiles/kernel.dir/float.c.obj
[452/480] Linking C static library modules/mbedtls/libmbedTLSCrypto.a
[453/480] Linking C static library modules/mbedtls/libmodules__mbedtls.a
[454/480] Building C object zephyr/kernel/CMakeFiles/kernel.dir/mutex.c.obj
[455/480] Building C object zephyr/kernel/CMakeFiles/kernel.dir/sem.c.obj
[456/480] Building C object zephyr/kernel/CMakeFiles/kernel.dir/system_work_q.c.obj
[457/480] Building C object zephyr/kernel/CMakeFiles/kernel.dir/msg_q.c.obj
[458/480] Building C object zephyr/kernel/CMakeFiles/kernel.dir/mailbox.c.obj
[459/480] Building C object zephyr/kernel/CMakeFiles/kernel.dir/queue.c.obj
[460/480] Building C object zephyr/kernel/CMakeFiles/kernel.dir/stack.c.obj
[461/480] Building C object zephyr/kernel/CMakeFiles/kernel.dir/priority_queues.c.obj
[462/480] Building C object zephyr/kernel/CMakeFiles/kernel.dir/condvar.c.obj
[463/480] Building C object zephyr/kernel/CMakeFiles/kernel.dir/thread.c.obj
[464/480] Building C object zephyr/kernel/CMakeFiles/kernel.dir/work.c.obj
[465/480] Building C object zephyr/kernel/CMakeFiles/kernel.dir/timeslicing.c.obj
[466/480] Building C object zephyr/kernel/CMakeFiles/kernel.dir/pipe.c.obj
[467/480] Building C object zephyr/kernel/CMakeFiles/kernel.dir/xip.c.obj
[468/480] Building C object zephyr/kernel/CMakeFiles/kernel.dir/timeout.c.obj
[469/480] Building C object zephyr/kernel/CMakeFiles/kernel.dir/mempool.c.obj
[470/480] Building C object zephyr/kernel/CMakeFiles/kernel.dir/sched.c.obj
[471/480] Building C object zephyr/kernel/CMakeFiles/kernel.dir/timer.c.obj
[472/480] Building C object zephyr/kernel/CMakeFiles/kernel.dir/dynamic_disabled.c.obj
[473/480] Building C object zephyr/kernel/CMakeFiles/kernel.dir/poll.c.obj
[474/480] Linking C static library zephyr/kernel/libkernel.a
[475/480] Linking C executable zephyr/zephyr_pre0.elf
[476/480] Generating linker.cmd
[477/480] Generating isr_tables.c, isr_tables_vt.ld, isr_tables_swi.ld
[478/480] Building C object zephyr/CMakeFiles/zephyr_final.dir/misc/empty_file.c.obj
[479/480] Building C object zephyr/CMakeFiles/zephyr_final.dir/isr_tables.c.obj
[480/480] Linking C executable zephyr/zmk.elf
Memory region         Used Size  Region Size  %age Used
           FLASH:      271548 B       844 KB     31.42%
             RAM:       77182 B       256 KB     29.44%
        IDT_LIST:          0 GB        32 KB      0.00%
Generating files from /tmp/zmk-build/zephyr/zmk.elf for board: cornix_left
Converted to uf2, output size: 543232, start address: 0x1000
Wrote 543232 bytes to zmk.uf2
